android/app/build/intermediates/manifest_merge_blame_file/debug/processDebugMainManifest/manifest-merger-blame-debug-report.txt
1<?xml version="1.0" encoding="utf-8"?>
2<manifest xmlns:android="http://schemas.android.com/apk/res/android"
3    package="com.tripplanner.app"
4    android:versionCode="1"
5    android:versionName="1.0" >
6
7    <uses-sdk
8        android:minSdkVersion="23"
9        android:targetSdkVersion="35" />
10
11    <uses-permission android:name="android.permission.INTERNET" />
11-->src\main\AndroidManifest.xml:3:5-67
11-->src\main\AndroidManifest.xml:3:22-64
12
13    <application
13-->src\main\AndroidManifest.xml:5:5-19:19
14        android:allowBackup="true"
14-->src\main\AndroidManifest.xml:6:9-35
15        android:debuggable="true"
16        android:extractNativeLibs="false"
17        android:label="내 여행"
17-->src\main\AndroidManifest.xml:7:9-29
18        android:supportsRtl="true"
18-->src\main\AndroidManifest.xml:8:9-35
19        android:theme="@android:style/Theme.Material.Light.NoActionBar" >
19-->src\main\AndroidManifest.xml:9:9-72
20        <activity
20-->src\main\AndroidManifest.xml:10:9-18:20
21            android:name="com.tripplanner.app.MainActivity"
21-->src\main\AndroidManifest.xml:11:13-41
22            android:exported="true"
22-->src\main\AndroidManifest.xml:12:13-36
23            android:screenOrientation="portrait" >
23-->src\main\AndroidManifest.xml:13:13-49
24            <intent-filter>
24-->src\main\AndroidManifest.xml:14:13-17:29
25                <action android:name="android.intent.action.MAIN" />
25-->src\main\AndroidManifest.xml:15:17-69
25-->src\main\AndroidManifest.xml:15:25-66
26
27                <category android:name="android.intent.category.LAUNCHER" />
27-->src\main\AndroidManifest.xml:16:17-77
27-->src\main\AndroidManifest.xml:16:27-74
28            </intent-filter>
29        </activity>
30    </application>
31
32</manifest>